#
# There is insufficient memory for the Java Runtime Environment to continue.
# Native memory allocation (mmap) failed to map 268435456 bytes for G1 virtual space
# Possible reasons:
#   The system is out of physical RAM or swap space
#   The process is running with CompressedOops enabled, and the Java Heap may be blocking the growth of the native heap
# Possible solutions:
#   Reduce memory load on the system
#   Increase physical memory or swap space
#   Check if swap backing store is full
#   Decrease Java heap size (-Xmx/-Xms)
#   Decrease number of Java threads
#   Decrease Java thread stack sizes (-Xss)
#   Set larger code cache with -XX:ReservedCodeCacheSize=
#   JVM is running with Zero Based Compressed Oops mode in which the Java heap is
#     placed in the first 32GB address space. The Java Heap base address is the
#     maximum limit for the native heap growth. Please use -XX:HeapBaseMinAddress
#     to set the Java Heap base and to place the Java Heap above 32GB virtual address.
# This output file may be truncated or incomplete.
#
#  Out of Memory Error (os_windows.cpp:3550), pid=17776, tid=37364
#
# JRE version:  (17.0.6+9) (build )
# Java VM: Java HotSpot(TM) 64-Bit Server VM (17.0.6+9-LTS-190, mixed mode, sharing, tiered, compressed oops, compressed class ptrs, g1 gc, windows-amd64)
# No core dump will be written. Minidumps are not enabled by default on client versions of Windows
#

---------------  S U M M A R Y ------------

Command Line: -Dclassworlds.conf=C:\tools\apache-maven-3.8.2-bin\apache-maven-3.8.2\bin\m2.conf -Dmaven.home=C:\tools\apache-maven-3.8.2-bin\apache-maven-3.8.2 -Dmaven.multiModuleProjectDirectory=C:\Users\FIS-TS\Downloads\LabJava_SkillGest\api org.codehaus.plexus.classworlds.launcher.Launcher clean install -DskipTests=true

Host: Intel(R) Core(TM) i5-8350U CPU @ 1.70GHz, 8 cores, 15G,  Windows 10 , 64 bit Build 19041 (10.0.19041.2913)
Time: Fri Jun  9 17:42:00 2023 Est (heure d, 64 bit Build 19041 (10.0.19041.2913) elapsed time: 0.021853 seconds (0d 0h 0m 0s)

---------------  T H R E A D  ---------------

Current thread (0x00000219c8667580):  JavaThread "Unknown thread" [_thread_in_vm, id=37364, stack(0x0000007e6d200000,0x0000007e6d300000)]

Stack: [0x0000007e6d200000,0x0000007e6d300000]
Native frames: (J=compiled Java code, j=interpreted, Vv=VM code, C=native code)
V  [jvm.dll+0x6734ea]
V  [jvm.dll+0x7d18f4]
V  [jvm.dll+0x7d309e]
V  [jvm.dll+0x7d3703]
V  [jvm.dll+0x2433c5]
V  [jvm.dll+0x6703f9]
V  [jvm.dll+0x664d32]
V  [jvm.dll+0x300086]
V  [jvm.dll+0x307606]
V  [jvm.dll+0x356c1e]
V  [jvm.dll+0x356e4f]
V  [jvm.dll+0x2d72e8]
V  [jvm.dll+0x2d8254]
V  [jvm.dll+0x7a33b1]
V  [jvm.dll+0x3647f1]
V  [jvm.dll+0x782839]
V  [jvm.dll+0x3e757f]
V  [jvm.dll+0x3e9001]
C  [jli.dll+0x5297]
C  [ucrtbase.dll+0x21bb2]
C  [KERNEL32.DLL+0x17614]
C  [ntdll.dll+0x526a1]


---------------  P R O C E S S  ---------------

Threads class SMR info:
_java_thread_list=0x00007ffbc73de958, length=0, elements={
}

Java Threads: ( => current thread )

Other Threads:
  0x00000219c86cf3c0 GCTaskThread "GC Thread#0" [stack: 0x0000007e6d300000,0x0000007e6d400000] [id=29284]
  0x00000219c86e3df0 ConcurrentGCThread "G1 Main Marker" [stack: 0x0000007e6d400000,0x0000007e6d500000] [id=28544]
  0x00000219c86e5020 ConcurrentGCThread "G1 Conc#0" [stack: 0x0000007e6d500000,0x0000007e6d600000] [id=31016]

[error occurred during error reporting (printing all threads), id 0xc0000005, EXCEPTION_ACCESS_VIOLATION (0xc0000005) at pc=0x00007ffbc6c17f07]

VM state: not at safepoint (not fully initialized)

VM Mutex/Monitor currently owned by a thread:  ([mutex/lock_event])
[0x00000219c8662c70] Heap_lock - owner thread: 0x00000219c8667580

Heap address: 0x0000000701e00000, size: 4066 MB, Compressed Oops mode: Zero based, Oop shift amount: 3

CDS archive(s) mapped at: [0x0000000000000000-0x0000000000000000-0x0000000000000000), size 0, SharedBaseAddress: 0x0000000800000000, ArchiveRelocationMode: 0.
Narrow klass base: 0x0000000000000000, Narrow klass shift: 0, Narrow klass range: 0x0

GC Precious Log:
<Empty>

Heap:
 garbage-first heap   total 0K, used 0K [0x0000000701e00000, 0x0000000800000000)
  region size 2048K, 0 young (0K), 0 survivors (0K)

[error occurred during error reporting (printing heap information), id 0xc0000005, EXCEPTION_ACCESS_VIOLATION (0xc0000005) at pc=0x00007ffbc6ffc759]

GC Heap History (0 events):
No events

Deoptimization events (0 events):
No events

Classes unloaded (0 events):
No events

Classes redefined (0 events):
No events

Internal exceptions (0 events):
No events

VM Operations (0 events):
No events

Events (1 events):
Event: 0.010 Loaded shared library C:\Program Files\Java\jdk-17\bin\java.dll


Dynamic libraries:
0x00007ff6ad740000 - 0x00007ff6ad750000 	C:\Program Files\Java\jdk-17\bin\java.exe
0x00007ffc8c250000 - 0x00007ffc8c448000 	C:\WINDOWS\SYSTEM32\ntdll.dll
0x00007ffc8aa10000 - 0x00007ffc8aacf000 	C:\WINDOWS\System32\KERNEL32.DLL
0x00007ffc89980000 - 0x00007ffc89c76000 	C:\WINDOWS\System32\KERNELBASE.dll
0x00007ffc67fe0000 - 0x00007ffc68329000 	C:\Program Files (x86)\Intego\Preventions\iavp450854264.dll
0x00007ffc8aee0000 - 0x00007ffc8af8f000 	C:\WINDOWS\System32\ADVAPI32.dll
0x00007ffc8a2b0000 - 0x00007ffc8a34e000 	C:\WINDOWS\System32\msvcrt.dll
0x00007ffc8ae40000 - 0x00007ffc8aedc000 	C:\WINDOWS\System32\sechost.dll
0x00007ffc8b0d0000 - 0x00007ffc8b1f6000 	C:\WINDOWS\System32\RPCRT4.dll
0x00007ffc8b580000 - 0x00007ffc8b6aa000 	C:\WINDOWS\System32\ole32.dll
0x00007ffc89c80000 - 0x00007ffc89d80000 	C:\WINDOWS\System32\ucrtbase.dll
0x00007ffc8b220000 - 0x00007ffc8b574000 	C:\WINDOWS\System32\combase.dll
0x00007ffc8b7f0000 - 0x00007ffc8b81c000 	C:\WINDOWS\System32\GDI32.dll
0x00007ffc8a1f0000 - 0x00007ffc8a212000 	C:\WINDOWS\System32\win32u.dll
0x00007ffc89d80000 - 0x00007ffc89e95000 	C:\WINDOWS\System32\gdi32full.dll
0x00007ffc89f50000 - 0x00007ffc89fed000 	C:\WINDOWS\System32\msvcp_win.dll
0x00007ffc8aca0000 - 0x00007ffc8ae3d000 	C:\WINDOWS\System32\USER32.dll
0x00007ffc8a470000 - 0x00007ffc8a53d000 	C:\WINDOWS\System32\OLEAUT32.dll
0x00007ffc89ff0000 - 0x00007ffc8a057000 	C:\WINDOWS\System32\WINTRUST.dll
0x00007ffc8abe0000 - 0x00007ffc8ac35000 	C:\WINDOWS\System32\SHLWAPI.dll
0x00007ffc8b820000 - 0x00007ffc8bf64000 	C:\WINDOWS\System32\SHELL32.dll
0x00007ffc8a060000 - 0x00007ffc8a1be000 	C:\WINDOWS\System32\CRYPT32.dll
0x00007ffc89830000 - 0x00007ffc8985e000 	C:\WINDOWS\SYSTEM32\USERENV.dll
0x00007ffc82210000 - 0x00007ffc8221a000 	C:\WINDOWS\SYSTEM32\VERSION.dll
0x00007ffc7a4b0000 - 0x00007ffc7a4c8000 	C:\Program Files\Java\jdk-17\bin\jli.dll
0x00007ffc73d60000 - 0x00007ffc73d7b000 	C:\Program Files\Java\jdk-17\bin\VCRUNTIME140.dll
0x00007ffc747e0000 - 0x00007ffc74a7a000 	C:\WINDOWS\WinSxS\amd64_microsoft.windows.common-controls_6595b64144ccf1df_6.0.19041.1110_none_60b5254171f9507e\COMCTL32.dll
0x00007ffc8ab30000 - 0x00007ffc8ab60000 	C:\WINDOWS\System32\IMM32.DLL
0x00007ffc89520000 - 0x00007ffc89532000 	C:\WINDOWS\SYSTEM32\MSASN1.dll
0x00007ffc8a5a0000 - 0x00007ffc8aa08000 	C:\WINDOWS\System32\setupapi.DLL
0x00007ffc89930000 - 0x00007ffc8997e000 	C:\WINDOWS\System32\cfgmgr32.dll
0x00007ffc8a1c0000 - 0x00007ffc8a1e7000 	C:\WINDOWS\System32\bcrypt.dll
0x00007ffc89870000 - 0x00007ffc8988f000 	C:\WINDOWS\SYSTEM32\profapi.dll
0x00007ffc83860000 - 0x00007ffc83874000 	C:\WINDOWS\SYSTEM32\wtsapi32.dll
0x00007ffc89220000 - 0x00007ffc8922c000 	C:\WINDOWS\SYSTEM32\CRYPTBASE.DLL
0x00007ffc8a220000 - 0x00007ffc8a2a2000 	C:\WINDOWS\System32\bcryptPrimitives.dll
0x00007ffc8bf70000 - 0x00007ffc8bf78000 	C:\WINDOWS\System32\Psapi.dll
0x00007ffc6b030000 - 0x00007ffc6b05a000 	C:\WINDOWS\SYSTEM32\ntdsapi.dll
0x00007ffc8af90000 - 0x00007ffc8affb000 	C:\WINDOWS\System32\WS2_32.dll
0x00007ffc80800000 - 0x00007ffc8080c000 	C:\WINDOWS\SYSTEM32\DSPARSE.DLL
0x00007ffc82580000 - 0x00007ffc825e5000 	C:\WINDOWS\SYSTEM32\Wevtapi.dll
0x00007ffc8b200000 - 0x00007ffc8b21d000 	C:\WINDOWS\System32\imagehlp.dll
0x00007ffc892f0000 - 0x00007ffc89308000 	C:\WINDOWS\SYSTEM32\CRYPTSP.dll
0x00007ffc88960000 - 0x00007ffc88994000 	C:\WINDOWS\system32\rsaenh.dll
0x00007ffc84100000 - 0x00007ffc8410c000 	C:\Program Files\Java\jdk-17\bin\vcruntime140_1.dll
0x00007ffc4f5a0000 - 0x00007ffc4f62e000 	C:\Program Files\Java\jdk-17\bin\msvcp140.dll
0x00007ffbc6930000 - 0x00007ffbc7507000 	C:\Program Files\Java\jdk-17\bin\server\jvm.dll
0x00007ffc67110000 - 0x00007ffc67119000 	C:\WINDOWS\SYSTEM32\WSOCK32.dll
0x00007ffc700b0000 - 0x00007ffc700d7000 	C:\WINDOWS\SYSTEM32\WINMM.dll
0x00007ffc88140000 - 0x00007ffc88152000 	C:\WINDOWS\SYSTEM32\kernel.appcore.dll
0x00007ffc835c0000 - 0x00007ffc835ca000 	C:\Program Files\Java\jdk-17\bin\jimage.dll
0x00007ffc876c0000 - 0x00007ffc878a4000 	C:\WINDOWS\SYSTEM32\DBGHELP.DLL
0x00007ffc6f6c0000 - 0x00007ffc6f6f4000 	C:\WINDOWS\SYSTEM32\dbgcore.DLL
0x00007ffc6f1e0000 - 0x00007ffc6f205000 	C:\Program Files\Java\jdk-17\bin\java.dll

dbghelp: loaded successfully - version: 4.0.5 - missing functions: none
symbol engine: initialized successfully - sym options: 0x614 - pdb path: .;C:\Program Files\Java\jdk-17\bin;C:\WINDOWS\SYSTEM32;C:\Program Files (x86)\Intego\Preventions;C:\WINDOWS\WinSxS\amd64_microsoft.windows.common-controls_6595b64144ccf1df_6.0.19041.1110_none_60b5254171f9507e;C:\Program Files\Java\jdk-17\bin\server

VM Arguments:
jvm_args: -Dclassworlds.conf=C:\tools\apache-maven-3.8.2-bin\apache-maven-3.8.2\bin\m2.conf -Dmaven.home=C:\tools\apache-maven-3.8.2-bin\apache-maven-3.8.2 -Dmaven.multiModuleProjectDirectory=C:\Users\FIS-TS\Downloads\LabJava_SkillGest\api 
java_command: org.codehaus.plexus.classworlds.launcher.Launcher clean install -DskipTests=true
java_class_path (initial): C:\tools\apache-maven-3.8.2-bin\apache-maven-3.8.2\boot\plexus-classworlds-2.6.0.jar
Launcher Type: SUN_STANDARD

[Global flags]
     intx CICompilerCount                          = 4                                         {product} {ergonomic}
     uint ConcGCThreads                            = 2                                         {product} {ergonomic}
     uint G1ConcRefinementThreads                  = 8                                         {product} {ergonomic}
   size_t G1HeapRegionSize                         = 2097152                                   {product} {ergonomic}
    uintx GCDrainStackTargetSize                   = 64                                        {product} {ergonomic}
   size_t InitialHeapSize                          = 268435456                                 {product} {ergonomic}
   size_t MarkStackSize                            = 4194304                                   {product} {ergonomic}
   size_t MaxHeapSize                              = 4263510016                                {product} {ergonomic}
   size_t MinHeapDeltaBytes                        = 2097152                                   {product} {ergonomic}
   size_t MinHeapSize                              = 8388608                                   {product} {ergonomic}
    uintx NonNMethodCodeHeapSize                   = 5839372                                {pd product} {ergonomic}
    uintx NonProfiledCodeHeapSize                  = 122909434                              {pd product} {ergonomic}
    uintx ProfiledCodeHeapSize                     = 122909434                              {pd product} {ergonomic}
    uintx ReservedCodeCacheSize                    = 251658240                              {pd product} {ergonomic}
     bool SegmentedCodeCache                       = true                                      {product} {ergonomic}
   size_t SoftMaxHeapSize                          = 4263510016                             {manageable} {ergonomic}
     bool UseCompressedClassPointers               = true                           {product lp64_product} {ergonomic}
     bool UseCompressedOops                        = true                           {product lp64_product} {ergonomic}
     bool UseG1GC                                  = true                                      {product} {ergonomic}
     bool UseLargePagesIndividualAllocation        = false                                  {pd product} {ergonomic}

Logging:
Log output configuration:
 #0: stdout all=warning uptime,level,tags
 #1: stderr all=off uptime,level,tags

Environment Variables:
JAVA_HOME=C:\Program Files\Java\jdk-17
PATH=C:\Program Files (x86)\Microsoft SDKs\Azure\CLI2\wbin;C:\Program Files\Common Files\Oracle\Java\javapath;C:\Program Files (x86)\Common Files\Oracle\Java\javapath;C:\Program Files\Microsoft MPI\Bin\;C:\Program Files (x86)\Cuminas\Document Express DjVu Plug-in\;C:\WINDOWS\system32;C:\WINDOWS;C:\WINDOWS\System32\Wbem;C:\WINDOWS\System32\WindowsPowerShell\v1.0\;C:\WINDOWS\System32\OpenSSH\;C:\Program Files\Intel\WiFi\bin\;C:\Program Files\Common Files\Intel\WirelessCommon\;C:\tools\apache-maven-3.8.2-bin\apache-maven-3.8.2\bin;C:\Program Files (x86)\Microsoft SQL Server\150\Tools\Binn\;C:\Program Files\Microsoft SQL Server\150\Tools\Binn\;C:\Program Files\Microsoft SQL Server\150\DTS\Binn\;C:\Program Files\Microsoft SQL Server\Client SDK\ODBC\170\Tools\Binn\;C:\Program Files\Docker\Docker\resources\bin;C:\ProgramData\DockerDesktop\version-bin;C:\Program Files\PostgreSQL\14\bin;C:\Program Files (x86)\sbt\bin;C:\tools\apache-cassandra-3.11.13\bin;C:\Program Files\Git\cmd;C:\Program Files\Java\jdk-17\bin;C:\Program Files\dotnet\;C:\Program Files\PuTTY\;C:\Program Files\Microsoft\Azure Functions Core Tools\;C:\Program Files (x86)\SMLNJ\bin\;C:\Users\FIS-TS\AppData\Local\Programs\Python\Python310\Scripts\;C:\Users\FIS-TS\AppData\Local\Programs\Python\Python310\;C:\Program Files\MySQL\MySQL Shell 8.0\bin\;C:\Users\FIS-TS\AppData\Local\Microsoft\WindowsApps;;C:\Users\FIS-TS\AppData\Local\Programs\Microsoft VS Code\bin;C:\Users\FIS-TS\AppData\Roaming\npm;C:\Program Files\Azure Data Studio\bin;C:\Program Files\JetBrains\IntelliJ IDEA 2021.2.3\bin;;C:\Users\FIS-TS\.dotnet\tools;C:\Users\FIS-TS\.azure-kubectl;C:\Users\FIS-TS\.azure-kubelogin
USERNAME=FIS-TS
OS=Windows_NT
PROCESSOR_IDENTIFIER=Intel64 Family 6 Model 142 Stepping 10, GenuineIntel



---------------  S Y S T E M  ---------------

OS:
 Windows 10 , 64 bit Build 19041 (10.0.19041.2913)
OS uptime: 2 days 20:59 hours
Hyper-V role detected

CPU: total 8 (initial active 8) (4 cores per cpu, 2 threads per core) family 6 model 142 stepping 10 microcode 0xe0, cx8, cmov, fxsr, ht, mmx, 3dnowpref, sse, sse2, sse3, ssse3, sse4.1, sse4.2, popcnt, lzcnt, tsc, tscinvbit, avx, avx2, aes, erms, clmul, bmi1, bmi2, rtm, adx, fma, vzeroupper, clflush, clflushopt, hv

Memory: 4k page, system-wide physical 16258M (882M free)
TotalPageFile size 46622M (AvailPageFile size 190M)
current process WorkingSet (physical memory assigned to process): 22M, peak: 22M
current process commit charge ("private bytes"): 67M, peak: 323M

vm_info: Java HotSpot(TM) 64-Bit Server VM (17.0.6+9-LTS-190) for windows-amd64 JRE (17.0.6+9-LTS-190), built on Dec  6 2022 15:53:54 by "mach5one" with MS VC++ 17.1 (VS2022)

END.
